<?xml version="1.0" encoding="UTF-8"?>
<!-- Generated by org.testng.reporters.JUnitReportReporter -->
<testsuite hostname="LAPTOP-43D5UDFD" failures="0" tests="1" name="tests.EmployeeListTest" time="7.028" errors="0" timestamp="2 May 2021 17:37:12 GMT">
  <testcase classname="tests.EmployeeListTest" name="searchEmployee" time="7.028"/>
</testsuite> <!-- tests.EmployeeListTest -->
